<?xml version="1.0" encoding="UTF-8"?>
<!-- Generated by org.testng.reporters.JUnitReportReporter -->
<testsuite hostname="DESKTOP-IRT3HQE" failures="0" tests="1" name="TestCases.CreateLead" time="146.616" errors="0" timestamp="2025-01-17T12:26:21 IST" skipped="0">
  <testcase classname="TestCases.CreateLead" name="testCreateLead" time="146.616"/>
</testsuite> <!-- TestCases.CreateLead -->
