<?xml version="1.0" encoding="UTF-8"?>
<!-- Generated by org.testng.reporters.JUnitReportReporter -->
<testsuite hostname="DESKTOP-JVJ3ML7" failures="0" tests="1" name="Test_Cases.Test_0002" time="10.950" errors="0" timestamp="2025-07-16T11:01:32 IST" skipped="0">
  <testcase classname="Test_Cases.Test_0002" name="validate_Search" time="10.950"/>
</testsuite> <!-- Test_Cases.Test_0002 -->
