<?xml version="1.0" encoding="UTF-8"?>
<!-- Generated by org.testng.reporters.JUnitReportReporter -->
<testsuite hostname="DESKTOP-JVJ3ML7" failures="0" tests="1" name="Test_Cases.Test_0001" time="4.397" errors="0" timestamp="2025-06-20T15:37:32 IST" skipped="0">
  <testcase classname="Test_Cases.Test_0001" name="login" time="4.397"/>
</testsuite> <!-- Test_Cases.Test_0001 -->
