<?xml version="1.0" encoding="UTF-8"?>
<!-- Generated by org.testng.reporters.JUnitReportReporter -->
<testsuite hostname="DESKTOP-JVJ3ML7" failures="0" tests="1" name="Test_Cases.Test_0001" time="1.830" errors="0" timestamp="2025-06-23T13:24:31 IST" skipped="0">
  <testcase classname="Test_Cases.Test_0001" name="Validate_Pageload" time="1.830"/>
</testsuite> <!-- Test_Cases.Test_0001 -->
